#
# Copyright (c) 2010 Nokia Corporation and/or its subsidiary(-ies).
# All rights reserved.
# This component and the accompanying materials are made available
# under the terms of "Eclipse Public License v1.0"
# which accompanies this distribution, and is available
# at the URL "http://www.eclipse.org/legal/epl-v10.html".
#
# Initial Contributors:
# Nokia Corporation - initial contribution.
#
# Contributors:
#
# Description: 
#

component	depl_swconfigmdw_sysmodellibs_sysmodelgen

source	/src/tools/depl/swconfigmdw/sysmodellibs/sysmodelgen
exports 	/src/tools/depl/swconfigmdw/sysmodellibs/sysmodelgen/group
binary 	/src/tools/depl/swconfigmdw/sysmodellibs/sysmodelgen/group all

ipr T

notes_source /src/tools/depl/swconfigmdw/sysmodellibs/sysmodelgen/group/release.txt
